  6.cpp
I:\okp\6\6\6.cpp(8,15): warning C4244: аргумент: преобразование "time_t" в "unsigned int", возможна потеря данных
I:\okp\6\6\6.cpp(24,44): warning C4244: =: преобразование "int" в "float", возможна потеря данных
I:\okp\6\6\6.cpp(58,9): error C2059: синтаксическая ошибка: }
I:\okp\6\6\6.cpp(58,9): error C2143: синтаксическая ошибка: отсутствие ";" перед "}"
I:\okp\6\6\6.cpp(59,5): error C2143: синтаксическая ошибка: отсутствие ";" перед "}"
I:\okp\6\6\6.cpp(59,5): error C2059: синтаксическая ошибка: }
I:\okp\6\6\6.cpp(61,5): error C2143: синтаксическая ошибка: отсутствие ")" перед ";"
I:\okp\6\6\6.cpp(61,23): error C2143: синтаксическая ошибка: отсутствие ";" перед "<"
I:\okp\6\6\6.cpp(61,23): error C4430: отсутствует спецификатор типа - предполагается int. Примечание. C++ не поддерживает int по умолчанию
I:\okp\6\6\6.cpp(61,29): error C2143: синтаксическая ошибка: отсутствие ";" перед "++"
I:\okp\6\6\6.cpp(61,29): error C4430: отсутствует спецификатор типа - предполагается int. Примечание. C++ не поддерживает int по умолчанию
I:\okp\6\6\6.cpp(61,28): error C2086: int i: переопределение
I:\okp\6\6\6.cpp(61): message : см. объявление "i"
I:\okp\6\6\6.cpp(61,31): error C2059: синтаксическая ошибка: )
I:\okp\6\6\6.cpp(62,5): error C2143: синтаксическая ошибка: отсутствие ";" перед "{"
I:\okp\6\6\6.cpp(62,5): error C2447: {: отсутствует заголовок функции (возможно, используется формальный список старого типа)
I:\okp\6\6\6.cpp(65,5): error C2059: синтаксическая ошибка: return
I:\okp\6\6\6.cpp(66,1): error C2059: синтаксическая ошибка: }
I:\okp\6\6\6.cpp(66,1): error C2143: синтаксическая ошибка: отсутствие ";" перед "}"
